<?xml version="1.0" encoding="UTF-8"?>
<!-- Generated by org.testng.reporters.JUnitReportReporter -->
<testsuite skipped="0" hostname="LAPTOP-UULIG8AC" name="com.OrangeHRM.TestCases.TC_Admin_Valid_Login_OHRM040_001" tests="1" failures="0" timestamp="2022-12-16T08:12:11 IST" time="6.536" errors="0">
  <testcase name="adminValidLoginTest" time="6.536" classname="com.OrangeHRM.TestCases.TC_Admin_Valid_Login_OHRM040_001"/>
  <system-out/>
</testsuite> <!-- com.OrangeHRM.TestCases.TC_Admin_Valid_Login_OHRM040_001 -->
