<?xml version="1.0" encoding="UTF-8"?>
<!-- Generated by org.testng.reporters.JUnitReportReporter -->
<testsuite skipped="0" hostname="LAPTOP-UULIG8AC" name="com.OrangeHRM.TestCases.TC_Admin_INValid_Login_OHRM040_002" tests="1" failures="0" timestamp="2022-12-16T09:07:13 IST" time="3.552" errors="0">
  <testcase name="AdminInvalidData" time="3.552" classname="com.OrangeHRM.TestCases.TC_Admin_INValid_Login_OHRM040_002"/>
  <system-out/>
</testsuite> <!-- com.OrangeHRM.TestCases.TC_Admin_INValid_Login_OHRM040_002 -->
