<?xml version="1.0" encoding="UTF-8"?>
<!-- Generated by org.testng.reporters.JUnitReportReporter -->
<testsuite skipped="0" hostname="LAPTOP-UULIG8AC" name="com.OrangeHRM.TestCases.TC_Admin_Valid_Login_OHRM040_001" tests="1" failures="0" timestamp="2022-12-15T17:18:41 IST" time="2.972" errors="0">
  <testcase name="adminValidLoginTest" time="2.972" classname="com.OrangeHRM.TestCases.TC_Admin_Valid_Login_OHRM040_001"/>
  <system-out/>
</testsuite> <!-- com.OrangeHRM.TestCases.TC_Admin_Valid_Login_OHRM040_001 -->
