<?xml version="1.0" encoding="UTF-8"?>
<!-- Generated by org.testng.reporters.JUnitReportReporter -->
<testsuite skipped="0" hostname="LAPTOP-UULIG8AC" name="com.OrangeHRM.TestCases.TC_Admin_Valid_Login_OHRM040_001" tests="1" failures="0" timestamp="16 Dec 2022 02:45:43 GMT" time="8.230" errors="0">
  <testcase name="adminValidLoginTest" time="8.230" classname="com.OrangeHRM.TestCases.TC_Admin_Valid_Login_OHRM040_001"/>
</testsuite> <!-- com.OrangeHRM.TestCases.TC_Admin_Valid_Login_OHRM040_001 -->
